<?xml version="1.0" encoding="UTF-8"?>
<!-- Generated by org.testng.reporters.JUnitReportReporter -->
<testsuite hostname="window_Asus" failures="0" tests="1" name="test.Day2" time="0.007" errors="0" timestamp="2024-01-18T12:52:02 IST" skipped="0">
  <testcase classname="test.Day2" name="demo" time="0.007"/>
</testsuite> <!-- test.Day2 -->
