<?xml version="1.0" encoding="UTF-8"?>
<!-- Generated by org.testng.reporters.JUnitReportReporter -->
<testsuite hostname="window_Asus" failures="0" tests="2" name="test.Day1" time="0.005" errors="0" timestamp="2024-01-18T12:52:02 IST" skipped="0">
  <testcase classname="test.Day1" name="demo" time="0.004"/>
  <testcase classname="test.Day1" name="Secondtest" time="0.001"/>
</testsuite> <!-- test.Day1 -->
