<?xml version="1.0" encoding="UTF-8"?>
<!-- Generated by org.testng.reporters.JUnitReportReporter -->
<testsuite hostname="window_Asus" failures="0" tests="2" name="test.Bharti" time="0.012" errors="0" timestamp="2024-01-23T14:13:25 IST" skipped="0">
  <testcase classname="test.Bharti" name="dothis" time="0.002"/>
  <testcase classname="test.Bharti" name="runtest" time="0.010"/>
</testsuite> <!-- test.Bharti -->
